Started GET "/" for 127.0.0.1 at 2026-05-06 17:50:55 +0300
  [1m[35m (56.2ms)[0m  [1m[35mCREATE TABLE "schema_migrations" ("version" varchar NOT NULL PRIMARY KEY) /*application='Sofatutor'*/[0m
  [1m[35m (3.6ms)[0m  [1m[35mCREATE TABLE "ar_internal_metadata" ("key" varchar NOT NULL PRIMARY KEY, "value" varchar, "created_at" datetime(6) NOT NULL, "updated_at" datetime(6) NOT NULL) /*application='Sofatutor'*/[0m
  [1m[36mActiveRecord::SchemaMigration Load (1.8ms)[0m  [1m[34mSELECT "schema_migrations"."version" FROM "schema_migrations" ORDER BY "schema_migrations"."version" ASC /*application='Sofatutor'*/[0m
Processing by PagesController#landing as HTML
  Rendering layout layouts/application.html.erb
  Rendering pages/landing.html.erb within layouts/application
  Rendered pages/landing.html.erb within layouts/application (Duration: 5.5ms | GC: 0.0ms)
  Rendered layout layouts/application.html.erb (Duration: 184.3ms | GC: 1.1ms)
Completed 200 OK in 1451ms (Views: 323.6ms | ActiveRecord: 0.0ms (0 queries, 0 cached) | GC: 3.2ms)


Started GET "/signup" for 127.0.0.1 at 2026-05-06 17:51:02 +0300
Processing by PagesController#signup as HTML
  Rendering layout layouts/application.html.erb
  Rendering pages/signup.html.erb within layouts/application
  Rendered pages/signup.html.erb within layouts/application (Duration: 5.5ms | GC: 0.0ms)
  Rendered layout layouts/application.html.erb (Duration: 168.7ms | GC: 0.4ms)
Completed 200 OK in 252ms (Views: 171.2ms | ActiveRecord: 0.0ms (0 queries, 0 cached) | GC: 0.9ms)


Started GET "/courses/3" for 127.0.0.1 at 2026-05-06 17:51:27 +0300
Processing by PagesController#course as HTML
  Parameters: {"id"=>"3"}
  Rendering layout layouts/application.html.erb
  Rendering pages/course.html.erb within layouts/application
  Rendered pages/course.html.erb within layouts/application (Duration: 5.2ms | GC: 0.5ms)
  Rendered layout layouts/application.html.erb (Duration: 8.3ms | GC: 0.5ms)
Completed 200 OK in 94ms (Views: 10.8ms | ActiveRecord: 0.0ms (0 queries, 0 cached) | GC: 0.5ms)


Started GET "/" for 127.0.0.1 at 2026-05-06 23:57:34 +0300
Processing by PagesController#landing as HTML
  Rendering layout layouts/application.html.erb
  Rendering pages/landing.html.erb within layouts/application
  Rendered pages/landing.html.erb within layouts/application (Duration: 3.1ms | GC: 0.0ms)
  Rendered layout layouts/application.html.erb (Duration: 46.2ms | GC: 0.0ms)
Completed 200 OK in 158ms (Views: 64.2ms | ActiveRecord: 0.0ms (0 queries, 0 cached) | GC: 0.0ms)


Started GET "/" for 127.0.0.1 at 2026-05-06 23:59:17 +0300
Processing by PagesController#landing as HTML
  Rendering layout layouts/application.html.erb
  Rendering pages/landing.html.erb within layouts/application
  Rendered pages/landing.html.erb within layouts/application (Duration: 8.2ms | GC: 0.0ms)
  Rendered layout layouts/application.html.erb (Duration: 63.9ms | GC: 0.0ms)
Completed 200 OK in 291ms (Views: 196.3ms | ActiveRecord: 0.0ms (0 queries, 0 cached) | GC: 0.0ms)


Started GET "/courses/1" for 127.0.0.1 at 2026-05-06 23:59:22 +0300
Processing by PagesController#course as HTML
  Parameters: {"id"=>"1"}
  Rendering layout layouts/application.html.erb
  Rendering pages/course.html.erb within layouts/application
  Rendered pages/course.html.erb within layouts/application (Duration: 6.6ms | GC: 0.0ms)
  Rendered layout layouts/application.html.erb (Duration: 10.5ms | GC: 0.0ms)
Completed 200 OK in 89ms (Views: 13.3ms | ActiveRecord: 0.0ms (0 queries, 0 cached) | GC: 0.0ms)


Started GET "/signup" for 127.0.0.1 at 2026-05-06 23:59:22 +0300
Processing by PagesController#signup as HTML
  Rendering layout layouts/application.html.erb
  Rendering pages/signup.html.erb within layouts/application
  Rendered pages/signup.html.erb within layouts/application (Duration: 5.3ms | GC: 0.0ms)
  Rendered layout layouts/application.html.erb (Duration: 9.0ms | GC: 0.0ms)
Completed 200 OK in 85ms (Views: 11.6ms | ActiveRecord: 0.0ms (0 queries, 0 cached) | GC: 0.0ms)


Started GET "/signup" for 127.0.0.1 at 2026-05-06 23:59:25 +0300
Processing by PagesController#signup as HTML
  Rendering layout layouts/application.html.erb
  Rendering pages/signup.html.erb within layouts/application
  Rendered pages/signup.html.erb within layouts/application (Duration: 0.2ms | GC: 0.0ms)
  Rendered layout layouts/application.html.erb (Duration: 4.7ms | GC: 0.0ms)
Completed 200 OK in 70ms (Views: 7.4ms | ActiveRecord: 0.0ms (0 queries, 0 cached) | GC: 0.0ms)


Started GET "/signup" for 127.0.0.1 at 2026-05-06 23:59:36 +0300
Processing by PagesController#signup as HTML
  Rendering layout layouts/application.html.erb
  Rendering pages/signup.html.erb within layouts/application
  Rendered pages/signup.html.erb within layouts/application (Duration: 0.1ms | GC: 0.0ms)
  Rendered layout layouts/application.html.erb (Duration: 6.0ms | GC: 0.0ms)
Completed 200 OK in 79ms (Views: 8.8ms | ActiveRecord: 0.0ms (0 queries, 0 cached) | GC: 0.0ms)


Started GET "/signup" for 127.0.0.1 at 2026-05-06 23:59:38 +0300
Processing by PagesController#signup as HTML
  Rendering layout layouts/application.html.erb
  Rendering pages/signup.html.erb within layouts/application
  Rendered pages/signup.html.erb within layouts/application (Duration: 0.1ms | GC: 0.0ms)
  Rendered layout layouts/application.html.erb (Duration: 84.2ms | GC: 0.0ms)
Completed 200 OK in 153ms (Views: 87.8ms | ActiveRecord: 0.0ms (0 queries, 0 cached) | GC: 0.0ms)


Started GET "/courses/1" for 127.0.0.1 at 2026-05-06 23:59:39 +0300
Processing by PagesController#course as HTML
  Parameters: {"id"=>"1"}
  Rendering layout layouts/application.html.erb
  Rendering pages/course.html.erb within layouts/application
  Rendered pages/course.html.erb within layouts/application (Duration: 0.1ms | GC: 0.0ms)
  Rendered layout layouts/application.html.erb (Duration: 3.9ms | GC: 0.0ms)
Completed 200 OK in 68ms (Views: 6.3ms | ActiveRecord: 0.0ms (0 queries, 0 cached) | GC: 0.0ms)


Started GET "/" for 127.0.0.1 at 2026-05-06 23:59:40 +0300
Processing by PagesController#landing as HTML
  Rendering layout layouts/application.html.erb
  Rendering pages/landing.html.erb within layouts/application
  Rendered pages/landing.html.erb within layouts/application (Duration: 0.2ms | GC: 0.0ms)
  Rendered layout layouts/application.html.erb (Duration: 4.7ms | GC: 0.0ms)
Completed 200 OK in 66ms (Views: 7.5ms | ActiveRecord: 0.0ms (0 queries, 0 cached) | GC: 0.0ms)


Started GET "/" for 127.0.0.1 at 2026-05-07 00:00:57 +0300
  [1m[36mActiveRecord::SchemaMigration Load (2.2ms)[0m  [1m[34mSELECT "schema_migrations"."version" FROM "schema_migrations" ORDER BY "schema_migrations"."version" ASC /*application='Sofatutor'*/[0m
Processing by PagesController#landing as HTML
  Rendering layout layouts/application.html.erb
  Rendering pages/landing.html.erb within layouts/application
  Rendered pages/landing.html.erb within layouts/application (Duration: 5.6ms | GC: 0.0ms)
  Rendered layout layouts/application.html.erb (Duration: 409.0ms | GC: 14.8ms)
Completed 200 OK in 1355ms (Views: 512.6ms | ActiveRecord: 0.0ms (0 queries, 0 cached) | GC: 14.8ms)


Started GET "/courses/1" for 127.0.0.1 at 2026-05-07 00:01:13 +0300
Processing by PagesController#course as HTML
  Parameters: {"id"=>"1"}
  Rendering layout layouts/application.html.erb
  Rendering pages/course.html.erb within layouts/application
  Rendered pages/course.html.erb within layouts/application (Duration: 5.7ms | GC: 0.0ms)
  Rendered layout layouts/application.html.erb (Duration: 9.9ms | GC: 0.5ms)
Completed 200 OK in 86ms (Views: 12.6ms | ActiveRecord: 0.0ms (0 queries, 0 cached) | GC: 0.5ms)


Started GET "/courses/2" for 127.0.0.1 at 2026-05-07 00:01:16 +0300
Processing by PagesController#course as HTML
  Parameters: {"id"=>"2"}
  Rendering layout layouts/application.html.erb
  Rendering pages/course.html.erb within layouts/application
  Rendered pages/course.html.erb within layouts/application (Duration: 0.2ms | GC: 0.0ms)
  Rendered layout layouts/application.html.erb (Duration: 5.5ms | GC: 0.0ms)
Completed 200 OK in 129ms (Views: 9.1ms | ActiveRecord: 0.0ms (0 queries, 0 cached) | GC: 0.0ms)


Started GET "/" for 127.0.0.1 at 2026-05-07 00:08:40 +0300
  [1m[36mActiveRecord::SchemaMigration Load (1.5ms)[0m  [1m[34mSELECT "schema_migrations"."version" FROM "schema_migrations" ORDER BY "schema_migrations"."version" ASC /*application='Sofatutor'*/[0m
Processing by PagesController#landing as HTML
  Rendering layout layouts/application.html.erb
  Rendering pages/landing.html.erb within layouts/application
  Rendered pages/landing.html.erb within layouts/application (Duration: 4.6ms | GC: 0.0ms)
  Rendered layout layouts/application.html.erb (Duration: 200.2ms | GC: 0.9ms)
Completed 200 OK in 516ms (Views: 239.4ms | ActiveRecord: 0.0ms (0 queries, 0 cached) | GC: 1.4ms)


Started GET "/courses/2" for 127.0.0.1 at 2026-05-07 00:08:44 +0300
Processing by PagesController#course as HTML
  Parameters: {"id"=>"2"}
  Rendering layout layouts/application.html.erb
  Rendering pages/course.html.erb within layouts/application
  Rendered pages/course.html.erb within layouts/application (Duration: 5.0ms | GC: 0.0ms)
  Rendered layout layouts/application.html.erb (Duration: 8.5ms | GC: 0.5ms)
Completed 200 OK in 97ms (Views: 10.9ms | ActiveRecord: 0.0ms (0 queries, 0 cached) | GC: 0.5ms)


Started GET "/courses/3" for 127.0.0.1 at 2026-05-07 00:08:45 +0300
Processing by PagesController#course as HTML
  Parameters: {"id"=>"3"}
  Rendering layout layouts/application.html.erb
  Rendering pages/course.html.erb within layouts/application
  Rendered pages/course.html.erb within layouts/application (Duration: 0.1ms | GC: 0.0ms)
  Rendered layout layouts/application.html.erb (Duration: 3.1ms | GC: 0.0ms)
Completed 200 OK in 67ms (Views: 5.4ms | ActiveRecord: 0.0ms (0 queries, 0 cached) | GC: 0.0ms)


Started GET "/signup" for 127.0.0.1 at 2026-05-07 00:08:47 +0300
Processing by PagesController#signup as HTML
  Rendering layout layouts/application.html.erb
  Rendering pages/signup.html.erb within layouts/application
  Rendered pages/signup.html.erb within layouts/application (Duration: 5.2ms | GC: 0.0ms)
  Rendered layout layouts/application.html.erb (Duration: 8.6ms | GC: 0.0ms)
Completed 200 OK in 92ms (Views: 10.9ms | ActiveRecord: 0.0ms (0 queries, 0 cached) | GC: 0.0ms)


Started GET "/signup" for 127.0.0.1 at 2026-05-07 00:08:50 +0300
Processing by PagesController#signup as HTML
  Rendering layout layouts/application.html.erb
  Rendering pages/signup.html.erb within layouts/application
  Rendered pages/signup.html.erb within layouts/application (Duration: 0.1ms | GC: 0.0ms)
  Rendered layout layouts/application.html.erb (Duration: 3.2ms | GC: 0.0ms)
Completed 200 OK in 58ms (Views: 5.6ms | ActiveRecord: 0.0ms (0 queries, 0 cached) | GC: 0.0ms)


Started GET "/" for 127.0.0.1 at 2026-05-07 00:33:41 +0300
  [1m[36mActiveRecord::SchemaMigration Load (1.6ms)[0m  [1m[34mSELECT "schema_migrations"."version" FROM "schema_migrations" ORDER BY "schema_migrations"."version" ASC /*application='Sofatutor'*/[0m
Processing by PagesController#landing as HTML
  Rendering layout layouts/application.html.erb
  Rendering pages/landing.html.erb within layouts/application
  Rendered pages/landing.html.erb within layouts/application (Duration: 8.6ms | GC: 2.6ms)
  Rendered layout layouts/application.html.erb (Duration: 286.6ms | GC: 58.2ms)
Completed 200 OK in 676ms (Views: 340.9ms | ActiveRecord: 0.0ms (0 queries, 0 cached) | GC: 64.5ms)


Started GET "/signup" for 127.0.0.1 at 2026-05-07 00:33:49 +0300
Processing by PagesController#signup as HTML
  Rendering layout layouts/application.html.erb
  Rendering pages/signup.html.erb within layouts/application
  Rendered pages/signup.html.erb within layouts/application (Duration: 94.7ms | GC: 0.3ms)
  Rendered layout layouts/application.html.erb (Duration: 98.0ms | GC: 0.3ms)
Completed 200 OK in 208ms (Views: 100.3ms | ActiveRecord: 0.0ms (0 queries, 0 cached) | GC: 0.6ms)


Started POST "/signup" for 127.0.0.1 at 2026-05-07 00:33:56 +0300
Processing by PagesController#signup_submit as TURBO_STREAM
  Parameters: {"authenticity_token"=>"[FILTERED]", "name"=>"", "email"=>"[FILTERED]", "commit"=>"Create My Account"}
Redirected to http://127.0.0.1:3000/thankyou
↳ app/controllers/pages_controller.rb:21:in `signup_submit'
Completed 302 Found in 78ms (ActiveRecord: 0.0ms (0 queries, 0 cached) | GC: 0.0ms)


Started GET "/thankyou" for 127.0.0.1 at 2026-05-07 00:33:56 +0300
Processing by PagesController#thankyou as TURBO_STREAM
  Rendering layout layouts/application.html.erb
  Rendering pages/thankyou.html.erb within layouts/application
  Rendered pages/thankyou.html.erb within layouts/application (Duration: 5.8ms | GC: 0.0ms)
  Rendered layout layouts/application.html.erb (Duration: 9.4ms | GC: 0.0ms)
Completed 200 OK in 94ms (Views: 13.3ms | ActiveRecord: 0.0ms (0 queries, 0 cached) | GC: 0.5ms)


Started GET "/" for 127.0.0.1 at 2026-05-07 00:33:58 +0300
Processing by PagesController#landing as HTML
  Rendering layout layouts/application.html.erb
  Rendering pages/landing.html.erb within layouts/application
  Rendered pages/landing.html.erb within layouts/application (Duration: 0.2ms | GC: 0.0ms)
  Rendered layout layouts/application.html.erb (Duration: 4.2ms | GC: 0.0ms)
Completed 200 OK in 71ms (Views: 6.8ms | ActiveRecord: 0.0ms (0 queries, 0 cached) | GC: 0.0ms)


Started GET "/signup" for 127.0.0.1 at 2026-05-07 00:33:59 +0300
Processing by PagesController#signup as HTML
  Rendering layout layouts/application.html.erb
  Rendering pages/signup.html.erb within layouts/application
  Rendered pages/signup.html.erb within layouts/application (Duration: 1.9ms | GC: 0.2ms)
  Rendered layout layouts/application.html.erb (Duration: 5.2ms | GC: 0.2ms)
Completed 200 OK in 70ms (Views: 8.1ms | ActiveRecord: 0.0ms (0 queries, 0 cached) | GC: 0.2ms)


Started GET "/" for 127.0.0.1 at 2026-05-07 00:36:08 +0300
Processing by PagesController#landing as HTML
  Rendering layout layouts/application.html.erb
  Rendering pages/landing.html.erb within layouts/application
  Rendered pages/landing.html.erb within layouts/application (Duration: 0.2ms | GC: 0.0ms)
  Rendered layout layouts/application.html.erb (Duration: 16.7ms | GC: 0.0ms)
Completed 200 OK in 85ms (Views: 20.7ms | ActiveRecord: 0.0ms (0 queries, 0 cached) | GC: 0.0ms)


Started GET "/courses/2" for 127.0.0.1 at 2026-05-07 00:36:18 +0300
Processing by PagesController#course as HTML
  Parameters: {"id"=>"2"}
  Rendering layout layouts/application.html.erb
  Rendering pages/course.html.erb within layouts/application
  Rendered pages/course.html.erb within layouts/application (Duration: 5.1ms | GC: 0.0ms)
  Rendered layout layouts/application.html.erb (Duration: 8.1ms | GC: 0.0ms)
Completed 200 OK in 82ms (Views: 10.5ms | ActiveRecord: 0.0ms (0 queries, 0 cached) | GC: 0.0ms)


Started GET "/signup" for 127.0.0.1 at 2026-05-07 00:36:19 +0300
Processing by PagesController#signup as HTML
  Rendering layout layouts/application.html.erb
  Rendering pages/signup.html.erb within layouts/application
  Rendered pages/signup.html.erb within layouts/application (Duration: 1.7ms | GC: 0.0ms)
  Rendered layout layouts/application.html.erb (Duration: 4.2ms | GC: 0.0ms)
Completed 200 OK in 66ms (Views: 6.2ms | ActiveRecord: 0.0ms (0 queries, 0 cached) | GC: 0.0ms)


Started GET "/signup" for 127.0.0.1 at 2026-05-07 00:36:19 +0300
Processing by PagesController#signup as HTML
  Rendering layout layouts/application.html.erb
  Rendering pages/signup.html.erb within layouts/application
  Rendered pages/signup.html.erb within layouts/application (Duration: 1.8ms | GC: 0.0ms)
  Rendered layout layouts/application.html.erb (Duration: 5.3ms | GC: 0.0ms)
Completed 200 OK in 79ms (Views: 8.1ms | ActiveRecord: 0.0ms (0 queries, 0 cached) | GC: 0.0ms)


Started GET "/signup" for 127.0.0.1 at 2026-05-07 00:36:20 +0300
Processing by PagesController#signup as HTML
  Rendering layout layouts/application.html.erb
  Rendering pages/signup.html.erb within layouts/application
  Rendered pages/signup.html.erb within layouts/application (Duration: 1.9ms | GC: 0.0ms)
  Rendered layout layouts/application.html.erb (Duration: 4.9ms | GC: 0.0ms)
Completed 200 OK in 67ms (Views: 7.3ms | ActiveRecord: 0.0ms (0 queries, 0 cached) | GC: 0.0ms)


Started GET "/signup" for 127.0.0.1 at 2026-05-07 00:36:23 +0300
Processing by PagesController#signup as HTML
  Rendering layout layouts/application.html.erb
  Rendering pages/signup.html.erb within layouts/application
  Rendered pages/signup.html.erb within layouts/application (Duration: 2.3ms | GC: 0.0ms)
  Rendered layout layouts/application.html.erb (Duration: 5.6ms | GC: 0.0ms)
Completed 200 OK in 74ms (Views: 8.6ms | ActiveRecord: 0.0ms (0 queries, 0 cached) | GC: 0.0ms)


Started GET "/signup" for 127.0.0.1 at 2026-05-07 00:36:25 +0300
Processing by PagesController#signup as HTML
  Rendering layout layouts/application.html.erb
  Rendering pages/signup.html.erb within layouts/application
  Rendered pages/signup.html.erb within layouts/application (Duration: 2.0ms | GC: 0.0ms)
  Rendered layout layouts/application.html.erb (Duration: 4.8ms | GC: 0.0ms)
Completed 200 OK in 70ms (Views: 7.1ms | ActiveRecord: 0.0ms (0 queries, 0 cached) | GC: 0.0ms)


Started POST "/signup" for 127.0.0.1 at 2026-05-07 00:36:27 +0300
Processing by PagesController#signup_submit as TURBO_STREAM
  Parameters: {"authenticity_token"=>"[FILTERED]", "name"=>"", "email"=>"[FILTERED]", "commit"=>"Create My Account"}
Redirected to http://127.0.0.1:3000/thankyou
↳ app/controllers/pages_controller.rb:21:in `signup_submit'
Completed 302 Found in 59ms (ActiveRecord: 0.0ms (0 queries, 0 cached) | GC: 0.0ms)


Started GET "/thankyou" for 127.0.0.1 at 2026-05-07 00:36:28 +0300
Processing by PagesController#thankyou as TURBO_STREAM
  Rendering layout layouts/application.html.erb
  Rendering pages/thankyou.html.erb within layouts/application
  Rendered pages/thankyou.html.erb within layouts/application (Duration: 0.1ms | GC: 0.0ms)
  Rendered layout layouts/application.html.erb (Duration: 3.6ms | GC: 0.0ms)
Completed 200 OK in 73ms (Views: 5.8ms | ActiveRecord: 0.0ms (0 queries, 0 cached) | GC: 0.0ms)


Started GET "/" for 127.0.0.1 at 2026-05-07 00:36:31 +0300
Processing by PagesController#landing as HTML
  Rendering layout layouts/application.html.erb
  Rendering pages/landing.html.erb within layouts/application
  Rendered pages/landing.html.erb within layouts/application (Duration: 0.1ms | GC: 0.0ms)
  Rendered layout layouts/application.html.erb (Duration: 3.2ms | GC: 0.0ms)
Completed 200 OK in 81ms (Views: 5.4ms | ActiveRecord: 0.0ms (0 queries, 0 cached) | GC: 0.0ms)


Started GET "/" for 127.0.0.1 at 2026-05-07 00:38:40 +0300
Processing by PagesController#landing as HTML
  Rendering layout layouts/application.html.erb
  Rendering pages/landing.html.erb within layouts/application
  Rendered pages/landing.html.erb within layouts/application (Duration: 4.6ms | GC: 0.0ms)
  Rendered layout layouts/application.html.erb (Duration: 86.1ms | GC: 0.0ms)
Completed 200 OK in 223ms (Views: 141.1ms | ActiveRecord: 0.0ms (0 queries, 0 cached) | GC: 0.0ms)


Started GET "/signup" for 127.0.0.1 at 2026-05-07 00:38:42 +0300
Processing by PagesController#signup as HTML
  Rendering layout layouts/application.html.erb
  Rendering pages/signup.html.erb within layouts/application
  Rendered pages/signup.html.erb within layouts/application (Duration: 8.7ms | GC: 0.0ms)
  Rendered layout layouts/application.html.erb (Duration: 12.4ms | GC: 0.0ms)
Completed 200 OK in 100ms (Views: 16.2ms | ActiveRecord: 0.0ms (0 queries, 0 cached) | GC: 0.0ms)


Started GET "/signup" for 127.0.0.1 at 2026-05-07 00:38:43 +0300
Processing by PagesController#signup as HTML
  Rendering layout layouts/application.html.erb
  Rendering pages/signup.html.erb within layouts/application
  Rendered pages/signup.html.erb within layouts/application (Duration: 2.1ms | GC: 0.0ms)
  Rendered layout layouts/application.html.erb (Duration: 5.0ms | GC: 0.0ms)
Completed 200 OK in 66ms (Views: 7.1ms | ActiveRecord: 0.0ms (0 queries, 0 cached) | GC: 0.0ms)


Started GET "/signup" for 127.0.0.1 at 2026-05-07 00:38:45 +0300
Processing by PagesController#signup as HTML
  Rendering layout layouts/application.html.erb
  Rendering pages/signup.html.erb within layouts/application
  Rendered pages/signup.html.erb within layouts/application (Duration: 1.7ms | GC: 0.0ms)
  Rendered layout layouts/application.html.erb (Duration: 6.1ms | GC: 0.7ms)
Completed 200 OK in 89ms (Views: 9.1ms | ActiveRecord: 0.0ms (0 queries, 0 cached) | GC: 7.2ms)


Started GET "/" for 127.0.0.1 at 2026-05-07 00:38:47 +0300
Processing by PagesController#landing as HTML
  Rendering layout layouts/application.html.erb
  Rendering pages/landing.html.erb within layouts/application
  Rendered pages/landing.html.erb within layouts/application (Duration: 0.2ms | GC: 0.0ms)
  Rendered layout layouts/application.html.erb (Duration: 3.7ms | GC: 0.0ms)
Completed 200 OK in 63ms (Views: 6.0ms | ActiveRecord: 0.0ms (0 queries, 0 cached) | GC: 0.0ms)


